<?xml version="1.0" encoding="UTF-8"?>
<!-- Generated by org.testng.reporters.JUnitXMLReporter -->
<testsuite hostname="Acer-PC" ignored="1" name="Default test" tests="1" failures="0" timestamp="2020-06-27T14:53:45 IST" time="0.232" errors="0">
  <testcase name="IOSApps" time="0.038" classname="healthcare.mavenprojects.AppiumTest"/>
  <testcase name="NativeAPAndroid" time="0.0" classname="healthcare.mavenprojects.AppiumTest">
    <ignored/>
  </testcase> <!-- NativeAPAndroid -->
</testsuite> <!-- Default test -->
