<?xml version="1.0" encoding="UTF-8"?>
<!-- Generated by org.testng.reporters.JUnitXMLReporter -->
<testsuite hostname="Acer-PC" ignored="0" name="Test" tests="6" failures="0" timestamp="2020-07-24T16:53:23 IST" time="0.141" errors="0">
  <testcase name="BrowserAutomation" time="0.009" classname="healthcare.mavenprojects.SeleniumTest"/>
  <testcase name="ElementsUI" time="0.001" classname="healthcare.mavenprojects.SeleniumTest"/>
  <testcase name="IOSApps" time="0.018" classname="healthcare.mavenprojects.AppiumTest"/>
  <testcase name="NativeAPAndroid" time="0.001" classname="healthcare.mavenprojects.AppiumTest"/>
  <testcase name="Postjira" time="0.0" classname="healthcare.mavenprojects.RESTApiTest"/>
  <testcase name="deletetwiter" time="0.001" classname="healthcare.mavenprojects.RESTApiTest"/>
</testsuite> <!-- Test -->
