<?xml version="1.0" encoding="UTF-8"?>
<testng-results skipped="0" failed="0" ignored="1" total="2" passed="1">
  <reporter-output>
  </reporter-output>
  <suite name="Default suite" duration-ms="232" started-at="2020-06-27T14:53:44 IST" finished-at="2020-06-27T14:53:45 IST">
    <groups>
    </groups>
    <test name="Default test" duration-ms="232" started-at="2020-06-27T14:53:44 IST" finished-at="2020-06-27T14:53:45 IST">
      <class name="healthcare.mavenprojects.AppiumTest">
        <test-method status="PASS" signature="IOSApps()[pri:0, instance:healthcare.mavenprojects.AppiumTest@4e268090]" name="IOSApps" duration-ms="38" started-at="2020-06-27T14:53:45 IST" finished-at="2020-06-27T14:53:45 IST">
          <reporter-output>
          </reporter-output>
        </test-method> <!-- IOSApps -->
      </class> <!-- healthcare.mavenprojects.AppiumTest -->
    </test> <!-- Default test -->
  </suite> <!-- Default suite -->
</testng-results>
